<?xml version="1.0" encoding="UTF-8"?>
<!-- Generated by org.testng.reporters.JUnitReportReporter -->
<testsuite hostname="LTIN509522" failures="0" tests="30" name="testScenario.Global_IT" time="433.631" errors="0" timestamp="2024-04-04T22:52:33 IST" skipped="0">
  <testcase classname="testScenario.Global_IT" name="captureUserInfo" time="52.003"/>
  <testcase classname="testScenario.Global_IT" name="captureUserInfo" time="50.605"/>
  <testcase classname="testScenario.Global_IT" name="clickOnIT" time="5.651"/>
  <testcase classname="testScenario.Global_IT" name="clickOnIT" time="15.641"/>
  <testcase classname="testScenario.Global_IT" name="exploreApps" time="32.433"/>
  <testcase classname="testScenario.Global_IT" name="exploreApps" time="31.310"/>
  <testcase classname="testScenario.Global_IT" name="validateApps" time="0.269"/>
  <testcase classname="testScenario.Global_IT" name="validateApps" time="0.291"/>
  <testcase classname="testScenario.Global_IT" name="validateApps" time="0.153"/>
  <testcase classname="testScenario.Global_IT" name="validateApps" time="0.210"/>
  <testcase classname="testScenario.Global_IT" name="validateApps" time="0.205"/>
  <testcase classname="testScenario.Global_IT" name="validateApps" time="0.135"/>
  <testcase classname="testScenario.Global_IT" name="validateApps" time="0.154"/>
  <testcase classname="testScenario.Global_IT" name="validateApps" time="0.251"/>
  <testcase classname="testScenario.Global_IT" name="validateApps" time="0.461"/>
  <testcase classname="testScenario.Global_IT" name="validateApps" time="0.149"/>
  <testcase classname="testScenario.Global_IT" name="verifyNewsAvailability" time="1.037"/>
  <testcase classname="testScenario.Global_IT" name="verifyNewsAvailability" time="0.998"/>
  <testcase classname="testScenario.Global_IT" name="verifyAwardsAvailability" time="0.496"/>
  <testcase classname="testScenario.Global_IT" name="verifyAwardsAvailability" time="3.069"/>
  <testcase classname="testScenario.Global_IT" name="displayNewsCount" time="2.730"/>
  <testcase classname="testScenario.Global_IT" name="displayNewsCount" time="0.203"/>
  <testcase classname="testScenario.Global_IT" name="validateNewsHeaderAndTooltip" time="0.415"/>
  <testcase classname="testScenario.Global_IT" name="validateNewsHeaderAndTooltip" time="0.844"/>
  <testcase classname="testScenario.Global_IT" name="displayAwards" time="36.081"/>
  <testcase classname="testScenario.Global_IT" name="displayAwards" time="39.262"/>
  <testcase classname="testScenario.Global_IT" name="displayAwards" time="50.905"/>
  <testcase classname="testScenario.Global_IT" name="displayAwards" time="36.058"/>
  <testcase classname="testScenario.Global_IT" name="displayAwards" time="35.600"/>
  <testcase classname="testScenario.Global_IT" name="displayAwards" time="36.012"/>
</testsuite> <!-- testScenario.Global_IT -->
